Traceback (most recent call last):
  File "/home/trade/anaconda3/lib/python3.8/site-packages/jupyter_cache/executors/utils.py", line 51, in single_nb_execution
    executenb(
  File "/home/trade/anaconda3/lib/python3.8/site-packages/nbclient/client.py", line 1082, in execute
    return NotebookClient(nb=nb, resources=resources, km=km, **kwargs).execute()
  File "/home/trade/anaconda3/lib/python3.8/site-packages/nbclient/util.py", line 74, in wrapped
    return just_run(coro(*args, **kwargs))
  File "/home/trade/anaconda3/lib/python3.8/site-packages/nbclient/util.py", line 53, in just_run
    return loop.run_until_complete(coro)
  File "/home/trade/anaconda3/lib/python3.8/asyncio/base_events.py", line 616, in run_until_complete
    return future.result()
  File "/home/trade/anaconda3/lib/python3.8/site-packages/nbclient/client.py", line 535, in async_execute
    await self.async_execute_cell(
  File "/home/trade/anaconda3/lib/python3.8/site-packages/nbclient/client.py", line 827, in async_execute_cell
    self._check_raise_for_error(cell, exec_reply)
  File "/home/trade/anaconda3/lib/python3.8/site-packages/nbclient/client.py", line 735, in _check_raise_for_error
    raise CellExecutionError.from_cell_and_msg(cell, exec_reply['content'])
nbclient.exceptions.CellExecutionError: An error occurred while executing the following cell:
------------------
import scipy as sp
import scipy.misc
import scipy.ndimage

f = sp.misc.face(gray=True)

e1 = np.array([0, 1]) # matplotlib의 이미지 좌표규약으로 부호변경 
e2 = np.array([1, 0])
E = np.vstack([e1, e2]).T
g1 = np.array([1, 1]) / np.sqrt(2)
g2 = np.array([-1, 1]) / np.sqrt(2)
A = np.vstack([g1, g2]).T
gc1 = E @ g1
gc2 = E @ g2

plt.subplot(121)
plt.imshow(f, cmap=mpl.cm.bone, alpha=0.9)
plt.annotate('', xy=500*e1, xytext=(0,0), arrowprops=green)
plt.annotate('$e_1$', xy=500*e1, xytext=500*e1 + [-100,0])
plt.annotate('', xy=500*e2, xytext=(0,0), arrowprops=green)
plt.annotate('$e_2$', xy=500*e2, xytext=500*e2 + [0, -50])
plt.annotate('', xy=500*gc1, xytext=(0, 0), arrowprops=red)
plt.annotate('$g_1$', xy=500*gc1, xytext=500*gc1 + [50, -50])
plt.annotate('', xy=500*gc2, xytext=(0, 0), arrowprops=red)
plt.annotate('$g_2$', xy=500*gc2, xytext=500*gc2 + [50, 0])
plt.axis("off")
plt.xlim(-200, 1000)
plt.ylim(800, -500)
plt.title("좌표변환전")

f1 = sp.ndimage.affine_transform(f, A)

plt.subplot(122)
plt.imshow(f1, cmap=mpl.cm.bone, alpha=0.8)
plt.annotate('', xy=500*e1, xytext=(0,0), arrowprops=red)
plt.annotate('$g_1$', xy=500*e1, xytext=500*e1 + [-100,0])
plt.annotate('', xy=500*e2, xytext=(0,0), arrowprops=red)
plt.annotate('$g_2$', xy=500*e2, xytext=500*e2 + [0, -50])
plt.axis("off")
plt.xlim(-200, 1000)
plt.ylim(800, -500)
plt.title("좌표변환후")
plt.show()
------------------

[0;31m---------------------------------------------------------------------------[0m
[0;31mNameError[0m                                 Traceback (most recent call last)
[0;32m<ipython-input-12-78515677d88a>[0m in [0;36m<module>[0;34m[0m
[1;32m     15[0m [0;34m[0m[0m
[1;32m     16[0m [0mplt[0m[0;34m.[0m[0msubplot[0m[0;34m([0m[0;36m121[0m[0;34m)[0m[0;34m[0m[0;34m[0m[0m
[0;32m---> 17[0;31m [0mplt[0m[0;34m.[0m[0mimshow[0m[0;34m([0m[0mf[0m[0;34m,[0m [0mcmap[0m[0;34m=[0m[0mmpl[0m[0;34m.[0m[0mcm[0m[0;34m.[0m[0mbone[0m[0;34m,[0m [0malpha[0m[0;34m=[0m[0;36m0.9[0m[0;34m)[0m[0;34m[0m[0;34m[0m[0m
[0m[1;32m     18[0m [0mplt[0m[0;34m.[0m[0mannotate[0m[0;34m([0m[0;34m''[0m[0;34m,[0m [0mxy[0m[0;34m=[0m[0;36m500[0m[0;34m*[0m[0me1[0m[0;34m,[0m [0mxytext[0m[0;34m=[0m[0;34m([0m[0;36m0[0m[0;34m,[0m[0;36m0[0m[0;34m)[0m[0;34m,[0m [0marrowprops[0m[0;34m=[0m[0mgreen[0m[0;34m)[0m[0;34m[0m[0;34m[0m[0m
[1;32m     19[0m [0mplt[0m[0;34m.[0m[0mannotate[0m[0;34m([0m[0;34m'$e_1$'[0m[0;34m,[0m [0mxy[0m[0;34m=[0m[0;36m500[0m[0;34m*[0m[0me1[0m[0;34m,[0m [0mxytext[0m[0;34m=[0m[0;36m500[0m[0;34m*[0m[0me1[0m [0;34m+[0m [0;34m[[0m[0;34m-[0m[0;36m100[0m[0;34m,[0m[0;36m0[0m[0;34m][0m[0;34m)[0m[0;34m[0m[0;34m[0m[0m

[0;31mNameError[0m: name 'mpl' is not defined
NameError: name 'mpl' is not defined

