Traceback (most recent call last):
  File "/home/trade/anaconda3/lib/python3.8/site-packages/jupyter_cache/executors/utils.py", line 51, in single_nb_execution
    executenb(
  File "/home/trade/anaconda3/lib/python3.8/site-packages/nbclient/client.py", line 1082, in execute
    return NotebookClient(nb=nb, resources=resources, km=km, **kwargs).execute()
  File "/home/trade/anaconda3/lib/python3.8/site-packages/nbclient/util.py", line 74, in wrapped
    return just_run(coro(*args, **kwargs))
  File "/home/trade/anaconda3/lib/python3.8/site-packages/nbclient/util.py", line 53, in just_run
    return loop.run_until_complete(coro)
  File "/home/trade/anaconda3/lib/python3.8/asyncio/base_events.py", line 616, in run_until_complete
    return future.result()
  File "/home/trade/anaconda3/lib/python3.8/site-packages/nbclient/client.py", line 535, in async_execute
    await self.async_execute_cell(
  File "/home/trade/anaconda3/lib/python3.8/site-packages/nbclient/client.py", line 827, in async_execute_cell
    self._check_raise_for_error(cell, exec_reply)
  File "/home/trade/anaconda3/lib/python3.8/site-packages/nbclient/client.py", line 735, in _check_raise_for_error
    raise CellExecutionError.from_cell_and_msg(cell, exec_reply['content'])
nbclient.exceptions.CellExecutionError: An error occurred while executing the following cell:
------------------
from sklearn.datasets import load_iris
iris = load_iris()
N = 10  # ì•ì˜ 10ì†¡ì´ë§Œ ì„ íƒ
X = iris.data[:N, :2]  # ê½ƒë°›ì¹¨ ê¸¸ì´ì™€ ê½ƒë°›ì¹¨ í­ë§Œ ì„ íƒ

plt.plot(X.T, 'o:')
plt.xticks(range(4), ["ê½ƒë°›ì¹¨ ê¸¸ì´", "ê½ƒë°›ì¹¨ í­"])
plt.xlim(-0.5, 2)
plt.ylim(2.5, 6)
plt.title("ë¶“ê½ƒ í¬ê¸° íŠ¹ì„±")
plt.legend(["í‘œë³¸ {}".format(i + 1) for i in range(N)])
plt.show()
------------------

[0;31m---------------------------------------------------------------------------[0m
[0;31mNameError[0m                                 Traceback (most recent call last)
[0;32m<ipython-input-1-65ed79ab4ccc>[0m in [0;36m<module>[0;34m[0m
[1;32m      4[0m [0mX[0m [0;34m=[0m [0miris[0m[0;34m.[0m[0mdata[0m[0;34m[[0m[0;34m:[0m[0mN[0m[0;34m,[0m [0;34m:[0m[0;36m2[0m[0;34m][0m  [0;31m# ê½ƒë°›ì¹¨ ê¸¸ì´ì™€ ê½ƒë°›ì¹¨ í­ë§Œ ì„ íƒ[0m[0;34m[0m[0;34m[0m[0m
[1;32m      5[0m [0;34m[0m[0m
[0;32m----> 6[0;31m [0mplt[0m[0;34m.[0m[0mplot[0m[0;34m([0m[0mX[0m[0;34m.[0m[0mT[0m[0;34m,[0m [0;34m'o:'[0m[0;34m)[0m[0;34m[0m[0;34m[0m[0m
[0m[1;32m      7[0m [0mplt[0m[0;34m.[0m[0mxticks[0m[0;34m([0m[0mrange[0m[0;34m([0m[0;36m4[0m[0;34m)[0m[0;34m,[0m [0;34m[[0m[0;34m"ê½ƒë°›ì¹¨ ê¸¸ì´"[0m[0;34m,[0m [0;34m"ê½ƒë°›ì¹¨ í­"[0m[0;34m][0m[0;34m)[0m[0;34m[0m[0;34m[0m[0m
[1;32m      8[0m [0mplt[0m[0;34m.[0m[0mxlim[0m[0;34m([0m[0;34m-[0m[0;36m0.5[0m[0;34m,[0m [0;36m2[0m[0;34m)[0m[0;34m[0m[0;34m[0m[0m

[0;31mNameError[0m: name 'plt' is not defined
NameError: name 'plt' is not defined

