Traceback (most recent call last):
  File "/home/trade/anaconda3/lib/python3.8/site-packages/jupyter_cache/executors/utils.py", line 51, in single_nb_execution
    executenb(
  File "/home/trade/anaconda3/lib/python3.8/site-packages/nbclient/client.py", line 1082, in execute
    return NotebookClient(nb=nb, resources=resources, km=km, **kwargs).execute()
  File "/home/trade/anaconda3/lib/python3.8/site-packages/nbclient/util.py", line 74, in wrapped
    return just_run(coro(*args, **kwargs))
  File "/home/trade/anaconda3/lib/python3.8/site-packages/nbclient/util.py", line 53, in just_run
    return loop.run_until_complete(coro)
  File "/home/trade/anaconda3/lib/python3.8/asyncio/base_events.py", line 616, in run_until_complete
    return future.result()
  File "/home/trade/anaconda3/lib/python3.8/site-packages/nbclient/client.py", line 535, in async_execute
    await self.async_execute_cell(
  File "/home/trade/anaconda3/lib/python3.8/site-packages/nbclient/client.py", line 827, in async_execute_cell
    self._check_raise_for_error(cell, exec_reply)
  File "/home/trade/anaconda3/lib/python3.8/site-packages/nbclient/client.py", line 735, in _check_raise_for_error
    raise CellExecutionError.from_cell_and_msg(cell, exec_reply['content'])
nbclient.exceptions.CellExecutionError: An error occurred while executing the following cell:
------------------
data = {
    "ë„ì‹œ": ["ì„œìš¸", "ì„œìš¸", "ì„œìš¸", "ë¶€ì‚°", "ë¶€ì‚°", "ë¶€ì‚°", "ì¸ì²œ", "ì¸ì²œ"],
    "ì—°ë„": ["2015", "2010", "2005", "2015", "2010", "2005", "2015", "2010"],
    "ì¸êµ¬": [9904312, 9631482, 9762546, 3448737, 3393191, 3512547, 2890451, 263203],
    "ì§€ì—­": ["ìˆ˜ë„ê¶Œ", "ìˆ˜ë„ê¶Œ", "ìˆ˜ë„ê¶Œ", "ê²½ìƒê¶Œ", "ê²½ìƒê¶Œ", "ê²½ìƒê¶Œ", "ìˆ˜ë„ê¶Œ", "ìˆ˜ë„ê¶Œ"]
}
columns = ["ë„ì‹œ", "ì—°ë„", "ì¸êµ¬", "ì§€ì—­"]
df1 = pd.DataFrame(data, columns=columns)
df1
------------------

[0;31m---------------------------------------------------------------------------[0m
[0;31mNameError[0m                                 Traceback (most recent call last)
[0;32m<ipython-input-1-831974da126e>[0m in [0;36m<module>[0;34m[0m
[1;32m      6[0m }
[1;32m      7[0m [0mcolumns[0m [0;34m=[0m [0;34m[[0m[0;34m"ë„ì‹œ"[0m[0;34m,[0m [0;34m"ì—°ë„"[0m[0;34m,[0m [0;34m"ì¸êµ¬"[0m[0;34m,[0m [0;34m"ì§€ì—­"[0m[0;34m][0m[0;34m[0m[0;34m[0m[0m
[0;32m----> 8[0;31m [0mdf1[0m [0;34m=[0m [0mpd[0m[0;34m.[0m[0mDataFrame[0m[0;34m([0m[0mdata[0m[0;34m,[0m [0mcolumns[0m[0;34m=[0m[0mcolumns[0m[0;34m)[0m[0;34m[0m[0;34m[0m[0m
[0m[1;32m      9[0m [0mdf1[0m[0;34m[0m[0;34m[0m[0m

[0;31mNameError[0m: name 'pd' is not defined
NameError: name 'pd' is not defined

