Traceback (most recent call last):
  File "/home/trade/anaconda3/lib/python3.8/site-packages/jupyter_cache/executors/utils.py", line 51, in single_nb_execution
    executenb(
  File "/home/trade/anaconda3/lib/python3.8/site-packages/nbclient/client.py", line 1082, in execute
    return NotebookClient(nb=nb, resources=resources, km=km, **kwargs).execute()
  File "/home/trade/anaconda3/lib/python3.8/site-packages/nbclient/util.py", line 74, in wrapped
    return just_run(coro(*args, **kwargs))
  File "/home/trade/anaconda3/lib/python3.8/site-packages/nbclient/util.py", line 53, in just_run
    return loop.run_until_complete(coro)
  File "/home/trade/anaconda3/lib/python3.8/asyncio/base_events.py", line 616, in run_until_complete
    return future.result()
  File "/home/trade/anaconda3/lib/python3.8/site-packages/nbclient/client.py", line 535, in async_execute
    await self.async_execute_cell(
  File "/home/trade/anaconda3/lib/python3.8/site-packages/nbclient/client.py", line 827, in async_execute_cell
    self._check_raise_for_error(cell, exec_reply)
  File "/home/trade/anaconda3/lib/python3.8/site-packages/nbclient/client.py", line 735, in _check_raise_for_error
    raise CellExecutionError.from_cell_and_msg(cell, exec_reply['content'])
nbclient.exceptions.CellExecutionError: An error occurred while executing the following cell:
------------------
def f(x):
    return x**3 - 3 * x**2 + x

x = np.linspace(-1, 3, 400)
y = f(x)

plt.plot(x, y)
plt.plot(0, 0, 'ro')
plt.plot(x, x, 'r:')
plt.plot(1, -1, 'go')
plt.plot(x, (3*1**2-6*1+1)*(x-1)-1, 'g--')

plt.xlim(-3.5, 5.5)
plt.ylim(-4, 2)
plt.xticks(np.arange(-3, 6))
plt.yticks(np.arange(-4, 2))

plt.annotate('', xy=(1, 0), xytext=(0, 0), arrowprops=dict(facecolor='gray'))
plt.annotate('', xy=(1, 1), xytext=(1, 0), arrowprops=dict(facecolor='gray'))

plt.annotate('', xy=(2, -1), xytext=(1, -1), arrowprops=dict(facecolor='gray'))
plt.annotate('', xy=(2, -3), xytext=(2, -1), arrowprops=dict(facecolor='gray'))

plt.xlabel("x")
plt.ylabel("f(x)")
plt.title("함수의 기울기")
plt.show()
------------------

[0;31m---------------------------------------------------------------------------[0m
[0;31mNameError[0m                                 Traceback (most recent call last)
[0;32m<ipython-input-1-7c62f11a08cb>[0m in [0;36m<module>[0;34m[0m
[1;32m      2[0m     [0;32mreturn[0m [0mx[0m[0;34m**[0m[0;36m3[0m [0;34m-[0m [0;36m3[0m [0;34m*[0m [0mx[0m[0;34m**[0m[0;36m2[0m [0;34m+[0m [0mx[0m[0;34m[0m[0;34m[0m[0m
[1;32m      3[0m [0;34m[0m[0m
[0;32m----> 4[0;31m [0mx[0m [0;34m=[0m [0mnp[0m[0;34m.[0m[0mlinspace[0m[0;34m([0m[0;34m-[0m[0;36m1[0m[0;34m,[0m [0;36m3[0m[0;34m,[0m [0;36m400[0m[0;34m)[0m[0;34m[0m[0;34m[0m[0m
[0m[1;32m      5[0m [0my[0m [0;34m=[0m [0mf[0m[0;34m([0m[0mx[0m[0;34m)[0m[0;34m[0m[0;34m[0m[0m
[1;32m      6[0m [0;34m[0m[0m

[0;31mNameError[0m: name 'np' is not defined
NameError: name 'np' is not defined

