Traceback (most recent call last):
  File "/home/trade/anaconda3/lib/python3.8/site-packages/jupyter_cache/executors/utils.py", line 51, in single_nb_execution
    executenb(
  File "/home/trade/anaconda3/lib/python3.8/site-packages/nbclient/client.py", line 1082, in execute
    return NotebookClient(nb=nb, resources=resources, km=km, **kwargs).execute()
  File "/home/trade/anaconda3/lib/python3.8/site-packages/nbclient/util.py", line 74, in wrapped
    return just_run(coro(*args, **kwargs))
  File "/home/trade/anaconda3/lib/python3.8/site-packages/nbclient/util.py", line 53, in just_run
    return loop.run_until_complete(coro)
  File "/home/trade/anaconda3/lib/python3.8/asyncio/base_events.py", line 616, in run_until_complete
    return future.result()
  File "/home/trade/anaconda3/lib/python3.8/site-packages/nbclient/client.py", line 535, in async_execute
    await self.async_execute_cell(
  File "/home/trade/anaconda3/lib/python3.8/site-packages/nbclient/client.py", line 827, in async_execute_cell
    self._check_raise_for_error(cell, exec_reply)
  File "/home/trade/anaconda3/lib/python3.8/site-packages/nbclient/client.py", line 735, in _check_raise_for_error
    raise CellExecutionError.from_cell_and_msg(cell, exec_reply['content'])
nbclient.exceptions.CellExecutionError: An error occurred while executing the following cell:
------------------
X = np.linspace(-np.pi, np.pi, 256)
C = np.cos(X)
plt.title("x축과 y축의 tick label 설정")
plt.plot(X, C)
plt.xticks([-np.pi, -np.pi / 2, 0, np.pi / 2, np.pi])
plt.yticks([-1, 0, +1])
plt.show()
------------------

[0;31m---------------------------------------------------------------------------[0m
[0;31mNameError[0m                                 Traceback (most recent call last)
[0;32m<ipython-input-10-d49d0ad8c0ba>[0m in [0;36m<module>[0;34m[0m
[0;32m----> 1[0;31m [0mX[0m [0;34m=[0m [0mnp[0m[0;34m.[0m[0mlinspace[0m[0;34m([0m[0;34m-[0m[0mnp[0m[0;34m.[0m[0mpi[0m[0;34m,[0m [0mnp[0m[0;34m.[0m[0mpi[0m[0;34m,[0m [0;36m256[0m[0;34m)[0m[0;34m[0m[0;34m[0m[0m
[0m[1;32m      2[0m [0mC[0m [0;34m=[0m [0mnp[0m[0;34m.[0m[0mcos[0m[0;34m([0m[0mX[0m[0;34m)[0m[0;34m[0m[0;34m[0m[0m
[1;32m      3[0m [0mplt[0m[0;34m.[0m[0mtitle[0m[0;34m([0m[0;34m"x축과 y축의 tick label 설정"[0m[0;34m)[0m[0;34m[0m[0;34m[0m[0m
[1;32m      4[0m [0mplt[0m[0;34m.[0m[0mplot[0m[0;34m([0m[0mX[0m[0;34m,[0m [0mC[0m[0;34m)[0m[0;34m[0m[0;34m[0m[0m
[1;32m      5[0m [0mplt[0m[0;34m.[0m[0mxticks[0m[0;34m([0m[0;34m[[0m[0;34m-[0m[0mnp[0m[0;34m.[0m[0mpi[0m[0;34m,[0m [0;34m-[0m[0mnp[0m[0;34m.[0m[0mpi[0m [0;34m/[0m [0;36m2[0m[0;34m,[0m [0;36m0[0m[0;34m,[0m [0mnp[0m[0;34m.[0m[0mpi[0m [0;34m/[0m [0;36m2[0m[0;34m,[0m [0mnp[0m[0;34m.[0m[0mpi[0m[0;34m][0m[0;34m)[0m[0;34m[0m[0;34m[0m[0m

[0;31mNameError[0m: name 'np' is not defined
NameError: name 'np' is not defined

