Traceback (most recent call last):
  File "/home/trade/anaconda3/lib/python3.8/site-packages/jupyter_cache/executors/utils.py", line 51, in single_nb_execution
    executenb(
  File "/home/trade/anaconda3/lib/python3.8/site-packages/nbclient/client.py", line 1082, in execute
    return NotebookClient(nb=nb, resources=resources, km=km, **kwargs).execute()
  File "/home/trade/anaconda3/lib/python3.8/site-packages/nbclient/util.py", line 74, in wrapped
    return just_run(coro(*args, **kwargs))
  File "/home/trade/anaconda3/lib/python3.8/site-packages/nbclient/util.py", line 53, in just_run
    return loop.run_until_complete(coro)
  File "/home/trade/anaconda3/lib/python3.8/asyncio/base_events.py", line 616, in run_until_complete
    return future.result()
  File "/home/trade/anaconda3/lib/python3.8/site-packages/nbclient/client.py", line 535, in async_execute
    await self.async_execute_cell(
  File "/home/trade/anaconda3/lib/python3.8/site-packages/nbclient/client.py", line 827, in async_execute_cell
    self._check_raise_for_error(cell, exec_reply)
  File "/home/trade/anaconda3/lib/python3.8/site-packages/nbclient/client.py", line 735, in _check_raise_for_error
    raise CellExecutionError.from_cell_and_msg(cell, exec_reply['content'])
nbclient.exceptions.CellExecutionError: An error occurred while executing the following cell:
------------------
mu = [2, 3]
cov = [[1, 0], [0, 1]]

rv = sp.stats.multivariate_normal(mu, cov)
X = rv.rvs(20000)

xx = np.linspace(-1, 6, 120)
yy = np.linspace(-1, 6, 150)
XX, YY = np.meshgrid(xx, yy)

plt.scatter(X[:, 0], X[:, 1], s=1)
plt.contour(XX, YY, rv.pdf(np.dstack([XX, YY])))
plt.axis("equal")
plt.xlim(0, 4)
plt.ylim(2, 4)
plt.xlabel("$x_1$")
plt.ylabel("$x_2$")
plt.title("이차원 다변수정규분포의 예")
plt.show()
------------------

[0;31m---------------------------------------------------------------------------[0m
[0;31mNameError[0m                                 Traceback (most recent call last)
[0;32m<ipython-input-1-e868f678c6c8>[0m in [0;36m<module>[0;34m[0m
[1;32m      2[0m [0mcov[0m [0;34m=[0m [0;34m[[0m[0;34m[[0m[0;36m1[0m[0;34m,[0m [0;36m0[0m[0;34m][0m[0;34m,[0m [0;34m[[0m[0;36m0[0m[0;34m,[0m [0;36m1[0m[0;34m][0m[0;34m][0m[0;34m[0m[0;34m[0m[0m
[1;32m      3[0m [0;34m[0m[0m
[0;32m----> 4[0;31m [0mrv[0m [0;34m=[0m [0msp[0m[0;34m.[0m[0mstats[0m[0;34m.[0m[0mmultivariate_normal[0m[0;34m([0m[0mmu[0m[0;34m,[0m [0mcov[0m[0;34m)[0m[0;34m[0m[0;34m[0m[0m
[0m[1;32m      5[0m [0mX[0m [0;34m=[0m [0mrv[0m[0;34m.[0m[0mrvs[0m[0;34m([0m[0;36m20000[0m[0;34m)[0m[0;34m[0m[0;34m[0m[0m
[1;32m      6[0m [0;34m[0m[0m

[0;31mNameError[0m: name 'sp' is not defined
NameError: name 'sp' is not defined

