Traceback (most recent call last):
  File "/home/trade/anaconda3/lib/python3.8/site-packages/jupyter_cache/executors/utils.py", line 51, in single_nb_execution
    executenb(
  File "/home/trade/anaconda3/lib/python3.8/site-packages/nbclient/client.py", line 1082, in execute
    return NotebookClient(nb=nb, resources=resources, km=km, **kwargs).execute()
  File "/home/trade/anaconda3/lib/python3.8/site-packages/nbclient/util.py", line 74, in wrapped
    return just_run(coro(*args, **kwargs))
  File "/home/trade/anaconda3/lib/python3.8/site-packages/nbclient/util.py", line 53, in just_run
    return loop.run_until_complete(coro)
  File "/home/trade/anaconda3/lib/python3.8/asyncio/base_events.py", line 616, in run_until_complete
    return future.result()
  File "/home/trade/anaconda3/lib/python3.8/site-packages/nbclient/client.py", line 535, in async_execute
    await self.async_execute_cell(
  File "/home/trade/anaconda3/lib/python3.8/site-packages/nbclient/client.py", line 827, in async_execute_cell
    self._check_raise_for_error(cell, exec_reply)
  File "/home/trade/anaconda3/lib/python3.8/site-packages/nbclient/client.py", line 735, in _check_raise_for_error
    raise CellExecutionError.from_cell_and_msg(cell, exec_reply['content'])
nbclient.exceptions.CellExecutionError: An error occurred while executing the following cell:
------------------
xx = np.linspace(0, 1, 1000)
a0, b0 = 1, 1
plt.plot(xx, sp.stats.beta(a0, b0).pdf(xx), c="r", ls="--", label="사전분포")
a1, b1 = 6 + 1, 4 + 1
plt.plot(xx, sp.stats.beta(a1, b1).pdf(xx), c="g", ls="-", label="사후분포")
plt.legend()
plt.title("베이즈 추정법으로 계산한 베르누이분포 모수의 분포")
plt.show()
------------------

[0;31m---------------------------------------------------------------------------[0m
[0;31mNameError[0m                                 Traceback (most recent call last)
[0;32m<ipython-input-1-e1cef04c26b9>[0m in [0;36m<module>[0;34m[0m
[0;32m----> 1[0;31m [0mxx[0m [0;34m=[0m [0mnp[0m[0;34m.[0m[0mlinspace[0m[0;34m([0m[0;36m0[0m[0;34m,[0m [0;36m1[0m[0;34m,[0m [0;36m1000[0m[0;34m)[0m[0;34m[0m[0;34m[0m[0m
[0m[1;32m      2[0m [0ma0[0m[0;34m,[0m [0mb0[0m [0;34m=[0m [0;36m1[0m[0;34m,[0m [0;36m1[0m[0;34m[0m[0;34m[0m[0m
[1;32m      3[0m [0mplt[0m[0;34m.[0m[0mplot[0m[0;34m([0m[0mxx[0m[0;34m,[0m [0msp[0m[0;34m.[0m[0mstats[0m[0;34m.[0m[0mbeta[0m[0;34m([0m[0ma0[0m[0;34m,[0m [0mb0[0m[0;34m)[0m[0;34m.[0m[0mpdf[0m[0;34m([0m[0mxx[0m[0;34m)[0m[0;34m,[0m [0mc[0m[0;34m=[0m[0;34m"r"[0m[0;34m,[0m [0mls[0m[0;34m=[0m[0;34m"--"[0m[0;34m,[0m [0mlabel[0m[0;34m=[0m[0;34m"사전분포"[0m[0;34m)[0m[0;34m[0m[0;34m[0m[0m
[1;32m      4[0m [0ma1[0m[0;34m,[0m [0mb1[0m [0;34m=[0m [0;36m6[0m [0;34m+[0m [0;36m1[0m[0;34m,[0m [0;36m4[0m [0;34m+[0m [0;36m1[0m[0;34m[0m[0;34m[0m[0m
[1;32m      5[0m [0mplt[0m[0;34m.[0m[0mplot[0m[0;34m([0m[0mxx[0m[0;34m,[0m [0msp[0m[0;34m.[0m[0mstats[0m[0;34m.[0m[0mbeta[0m[0;34m([0m[0ma1[0m[0;34m,[0m [0mb1[0m[0;34m)[0m[0;34m.[0m[0mpdf[0m[0;34m([0m[0mxx[0m[0;34m)[0m[0;34m,[0m [0mc[0m[0;34m=[0m[0;34m"g"[0m[0;34m,[0m [0mls[0m[0;34m=[0m[0;34m"-"[0m[0;34m,[0m [0mlabel[0m[0;34m=[0m[0;34m"사후분포"[0m[0;34m)[0m[0;34m[0m[0;34m[0m[0m

[0;31mNameError[0m: name 'np' is not defined
NameError: name 'np' is not defined

