Traceback (most recent call last):
  File "/home/trade/anaconda3/lib/python3.8/site-packages/jupyter_cache/executors/utils.py", line 51, in single_nb_execution
    executenb(
  File "/home/trade/anaconda3/lib/python3.8/site-packages/nbclient/client.py", line 1082, in execute
    return NotebookClient(nb=nb, resources=resources, km=km, **kwargs).execute()
  File "/home/trade/anaconda3/lib/python3.8/site-packages/nbclient/util.py", line 74, in wrapped
    return just_run(coro(*args, **kwargs))
  File "/home/trade/anaconda3/lib/python3.8/site-packages/nbclient/util.py", line 53, in just_run
    return loop.run_until_complete(coro)
  File "/home/trade/anaconda3/lib/python3.8/asyncio/base_events.py", line 616, in run_until_complete
    return future.result()
  File "/home/trade/anaconda3/lib/python3.8/site-packages/nbclient/client.py", line 535, in async_execute
    await self.async_execute_cell(
  File "/home/trade/anaconda3/lib/python3.8/site-packages/nbclient/client.py", line 827, in async_execute_cell
    self._check_raise_for_error(cell, exec_reply)
  File "/home/trade/anaconda3/lib/python3.8/site-packages/nbclient/client.py", line 735, in _check_raise_for_error
    raise CellExecutionError.from_cell_and_msg(cell, exec_reply['content'])
nbclient.exceptions.CellExecutionError: An error occurred while executing the following cell:
------------------
def P(a, b):
    if a > b:
        raise ValueError("a must be less than b or equal to b")
    a = np.maximum(a, 0)
    b = np.minimum(b, 360)
    
    if b < 180:
        return (2 / 3) * ((b - a) / 180)
    else:
        if a < 180:
            return (2 / 3) * ((180 - a) / 180) \
                   + (1 / 3) * ((b - 180) / 180)
        return (1 / 3) * (((b - a) / 180))


P(0, 270)
------------------

[0;31m---------------------------------------------------------------------------[0m
[0;31mNameError[0m                                 Traceback (most recent call last)
[0;32m<ipython-input-17-3b29d9f925f2>[0m in [0;36m<module>[0;34m[0m
[1;32m     14[0m [0;34m[0m[0m
[1;32m     15[0m [0;34m[0m[0m
[0;32m---> 16[0;31m [0mP[0m[0;34m([0m[0;36m0[0m[0;34m,[0m [0;36m270[0m[0;34m)[0m[0;34m[0m[0;34m[0m[0m
[0m
[0;32m<ipython-input-17-3b29d9f925f2>[0m in [0;36mP[0;34m(a, b)[0m
[1;32m      2[0m     [0;32mif[0m [0ma[0m [0;34m>[0m [0mb[0m[0;34m:[0m[0;34m[0m[0;34m[0m[0m
[1;32m      3[0m         [0;32mraise[0m [0mValueError[0m[0;34m([0m[0;34m"a must be less than b or equal to b"[0m[0;34m)[0m[0;34m[0m[0;34m[0m[0m
[0;32m----> 4[0;31m     [0ma[0m [0;34m=[0m [0mnp[0m[0;34m.[0m[0mmaximum[0m[0;34m([0m[0ma[0m[0;34m,[0m [0;36m0[0m[0;34m)[0m[0;34m[0m[0;34m[0m[0m
[0m[1;32m      5[0m     [0mb[0m [0;34m=[0m [0mnp[0m[0;34m.[0m[0mminimum[0m[0;34m([0m[0mb[0m[0;34m,[0m [0;36m360[0m[0;34m)[0m[0;34m[0m[0;34m[0m[0m
[1;32m      6[0m [0;34m[0m[0m

[0;31mNameError[0m: name 'np' is not defined
NameError: name 'np' is not defined

