Traceback (most recent call last):
  File "/home/trade/anaconda3/lib/python3.8/site-packages/jupyter_cache/executors/utils.py", line 51, in single_nb_execution
    executenb(
  File "/home/trade/anaconda3/lib/python3.8/site-packages/nbclient/client.py", line 1082, in execute
    return NotebookClient(nb=nb, resources=resources, km=km, **kwargs).execute()
  File "/home/trade/anaconda3/lib/python3.8/site-packages/nbclient/util.py", line 74, in wrapped
    return just_run(coro(*args, **kwargs))
  File "/home/trade/anaconda3/lib/python3.8/site-packages/nbclient/util.py", line 53, in just_run
    return loop.run_until_complete(coro)
  File "/home/trade/anaconda3/lib/python3.8/asyncio/base_events.py", line 616, in run_until_complete
    return future.result()
  File "/home/trade/anaconda3/lib/python3.8/site-packages/nbclient/client.py", line 535, in async_execute
    await self.async_execute_cell(
  File "/home/trade/anaconda3/lib/python3.8/site-packages/nbclient/client.py", line 827, in async_execute_cell
    self._check_raise_for_error(cell, exec_reply)
  File "/home/trade/anaconda3/lib/python3.8/site-packages/nbclient/client.py", line 735, in _check_raise_for_error
    raise CellExecutionError.from_cell_and_msg(cell, exec_reply['content'])
nbclient.exceptions.CellExecutionError: An error occurred while executing the following cell:
------------------
%load_ext tikzmagic
------------------

[0;31m---------------------------------------------------------------------------[0m
[0;31mModuleNotFoundError[0m                       Traceback (most recent call last)
[0;32m<ipython-input-1-997c417649e4>[0m in [0;36m<module>[0;34m[0m
[0;32m----> 1[0;31m [0mget_ipython[0m[0;34m([0m[0;34m)[0m[0;34m.[0m[0mrun_line_magic[0m[0;34m([0m[0;34m'load_ext'[0m[0;34m,[0m [0;34m'tikzmagic'[0m[0;34m)[0m[0;34m[0m[0;34m[0m[0m
[0m
[0;32m~/anaconda3/lib/python3.8/site-packages/IPython/core/interactiveshell.py[0m in [0;36mrun_line_magic[0;34m(self, magic_name, line, _stack_depth)[0m
[1;32m   2324[0m                 [0mkwargs[0m[0;34m[[0m[0;34m'local_ns'[0m[0;34m][0m [0;34m=[0m [0msys[0m[0;34m.[0m[0m_getframe[0m[0;34m([0m[0mstack_depth[0m[0;34m)[0m[0;34m.[0m[0mf_locals[0m[0;34m[0m[0;34m[0m[0m
[1;32m   2325[0m             [0;32mwith[0m [0mself[0m[0;34m.[0m[0mbuiltin_trap[0m[0;34m:[0m[0;34m[0m[0;34m[0m[0m
[0;32m-> 2326[0;31m                 [0mresult[0m [0;34m=[0m [0mfn[0m[0;34m([0m[0;34m*[0m[0margs[0m[0;34m,[0m [0;34m**[0m[0mkwargs[0m[0;34m)[0m[0;34m[0m[0;34m[0m[0m
[0m[1;32m   2327[0m             [0;32mreturn[0m [0mresult[0m[0;34m[0m[0;34m[0m[0m
[1;32m   2328[0m [0;34m[0m[0m

[0;32m<decorator-gen-64>[0m in [0;36mload_ext[0;34m(self, module_str)[0m

[0;32m~/anaconda3/lib/python3.8/site-packages/IPython/core/magic.py[0m in [0;36m<lambda>[0;34m(f, *a, **k)[0m
[1;32m    185[0m     [0;31m# but it's overkill for just that one bit of state.[0m[0;34m[0m[0;34m[0m[0;34m[0m[0m
[1;32m    186[0m     [0;32mdef[0m [0mmagic_deco[0m[0;34m([0m[0marg[0m[0;34m)[0m[0;34m:[0m[0;34m[0m[0;34m[0m[0m
[0;32m--> 187[0;31m         [0mcall[0m [0;34m=[0m [0;32mlambda[0m [0mf[0m[0;34m,[0m [0;34m*[0m[0ma[0m[0;34m,[0m [0;34m**[0m[0mk[0m[0;34m:[0m [0mf[0m[0;34m([0m[0;34m*[0m[0ma[0m[0;34m,[0m [0;34m**[0m[0mk[0m[0;34m)[0m[0;34m[0m[0;34m[0m[0m
[0m[1;32m    188[0m [0;34m[0m[0m
[1;32m    189[0m         [0;32mif[0m [0mcallable[0m[0;34m([0m[0marg[0m[0;34m)[0m[0;34m:[0m[0;34m[0m[0;34m[0m[0m

[0;32m~/anaconda3/lib/python3.8/site-packages/IPython/core/magics/extension.py[0m in [0;36mload_ext[0;34m(self, module_str)[0m
[1;32m     31[0m         [0;32mif[0m [0;32mnot[0m [0mmodule_str[0m[0;34m:[0m[0;34m[0m[0;34m[0m[0m
[1;32m     32[0m             [0;32mraise[0m [0mUsageError[0m[0;34m([0m[0;34m'Missing module name.'[0m[0;34m)[0m[0;34m[0m[0;34m[0m[0m
[0;32m---> 33[0;31m         [0mres[0m [0;34m=[0m [0mself[0m[0;34m.[0m[0mshell[0m[0;34m.[0m[0mextension_manager[0m[0;34m.[0m[0mload_extension[0m[0;34m([0m[0mmodule_str[0m[0;34m)[0m[0;34m[0m[0;34m[0m[0m
[0m[1;32m     34[0m [0;34m[0m[0m
[1;32m     35[0m         [0;32mif[0m [0mres[0m [0;34m==[0m [0;34m'already loaded'[0m[0;34m:[0m[0;34m[0m[0;34m[0m[0m

[0;32m~/anaconda3/lib/python3.8/site-packages/IPython/core/extensions.py[0m in [0;36mload_extension[0;34m(self, module_str)[0m
[1;32m     78[0m             [0;32mif[0m [0mmodule_str[0m [0;32mnot[0m [0;32min[0m [0msys[0m[0;34m.[0m[0mmodules[0m[0;34m:[0m[0;34m[0m[0;34m[0m[0m
[1;32m     79[0m                 [0;32mwith[0m [0mprepended_to_syspath[0m[0;34m([0m[0mself[0m[0;34m.[0m[0mipython_extension_dir[0m[0;34m)[0m[0;34m:[0m[0;34m[0m[0;34m[0m[0m
[0;32m---> 80[0;31m                     [0mmod[0m [0;34m=[0m [0mimport_module[0m[0;34m([0m[0mmodule_str[0m[0;34m)[0m[0;34m[0m[0;34m[0m[0m
[0m[1;32m     81[0m                     [0;32mif[0m [0mmod[0m[0;34m.[0m[0m__file__[0m[0;34m.[0m[0mstartswith[0m[0;34m([0m[0mself[0m[0;34m.[0m[0mipython_extension_dir[0m[0;34m)[0m[0;34m:[0m[0;34m[0m[0;34m[0m[0m
[1;32m     82[0m                         print(("Loading extensions from {dir} is deprecated. "

[0;32m~/anaconda3/lib/python3.8/importlib/__init__.py[0m in [0;36mimport_module[0;34m(name, package)[0m
[1;32m    125[0m                 [0;32mbreak[0m[0;34m[0m[0;34m[0m[0m
[1;32m    126[0m             [0mlevel[0m [0;34m+=[0m [0;36m1[0m[0;34m[0m[0;34m[0m[0m
[0;32m--> 127[0;31m     [0;32mreturn[0m [0m_bootstrap[0m[0;34m.[0m[0m_gcd_import[0m[0;34m([0m[0mname[0m[0;34m[[0m[0mlevel[0m[0;34m:[0m[0;34m][0m[0;34m,[0m [0mpackage[0m[0;34m,[0m [0mlevel[0m[0;34m)[0m[0;34m[0m[0;34m[0m[0m
[0m[1;32m    128[0m [0;34m[0m[0m
[1;32m    129[0m [0;34m[0m[0m

[0;32m~/anaconda3/lib/python3.8/importlib/_bootstrap.py[0m in [0;36m_gcd_import[0;34m(name, package, level)[0m

[0;32m~/anaconda3/lib/python3.8/importlib/_bootstrap.py[0m in [0;36m_find_and_load[0;34m(name, import_)[0m

[0;32m~/anaconda3/lib/python3.8/importlib/_bootstrap.py[0m in [0;36m_find_and_load_unlocked[0;34m(name, import_)[0m

[0;31mModuleNotFoundError[0m: No module named 'tikzmagic'
ModuleNotFoundError: No module named 'tikzmagic'

